<?xml version="1.0" ?>
<testsuites disabled="0" errors="0" failures="42" tests="127" time="0.0">
	<testsuite disabled="0" errors="0" failures="42" name="terraform scan" skipped="0" tests="127" time="0">
		<properties>
			<property name="directory" value="['/app']"/>
			<property name="add_check" value="False"/>
			<property name="list" value="False"/>
			<property name="output" value="['junitxml']"/>
			<property name="output_file_path" value="results_after.xml"/>
			<property name="output_bc_ids" value="False"/>
			<property name="include_all_checkov_policies" value="True"/>
			<property name="quiet" value="False"/>
			<property name="compact" value="False"/>
			<property name="framework" value="['all']"/>
			<property name="skip_framework" value="[]"/>
			<property name="run_all_external_checks" value="False"/>
			<property name="soft_fail" value="False"/>
			<property name="skip_results_upload" value="False"/>
			<property name="repo_id" value="cli_repo/app"/>
			<property name="branch" value="master"/>
			<property name="skip_download" value="False"/>
			<property name="use_enforcement_rules" value="False"/>
			<property name="external_modules_download_path" value=".external_modules"/>
			<property name="evaluate_variables" value="True"/>
			<property name="no_cert_verify" value="False"/>
			<property name="create_baseline" value="False"/>
			<property name="output_baseline_as_skipped" value="False"/>
			<property name="secrets_scan_file_type" value="[]"/>
			<property name="enable_secret_scan_all_files" value="False"/>
			<property name="block_list_secret_scan" value="[]"/>
			<property name="summary_position" value="top"/>
			<property name="skip_resources_without_violations" value="False"/>
			<property name="deep_analysis" value="False"/>
			<property name="no_fail_on_crash" value="False"/>
			<property name="mask" value="defaultdict(&lt;class 'set'&gt;, {})"/>
			<property name="scan_secrets_history" value="False"/>
			<property name="secrets_history_timeout" value="12h"/>
			<property name="custom_tool_name" value="Checkov"/>
		</properties>
		<testcase name="[NONE][CKV_AWS_41] Ensure no hard coded AWS access key and secret key exists in provider" classname="/main.tf.aws.default" file="/main.tf"/>
		<testcase name="[NONE][CKV_AWS_108] Ensure IAM policies does not allow data exfiltration" classname="/main.tf.aws_iam_policy_document.lambda_assume_role" file="/main.tf"/>
		<testcase name="[NONE][CKV_AWS_109] Ensure IAM policies does not allow permissions management / resource exposure without constraints" classname="/main.tf.aws_iam_policy_document.lambda_assume_role" file="/main.tf"/>
		<testcase name="[NONE][CKV_AWS_283] Ensure no IAM policies documents allow ALL or any AWS principal permissions to the resource" classname="/main.tf.aws_iam_policy_document.lambda_assume_role" file="/main.tf"/>
		<testcase name="[NONE][CKV_AWS_107] Ensure IAM policies does not allow credentials exposure" classname="/main.tf.aws_iam_policy_document.lambda_assume_role" file="/main.tf"/>
		<testcase name="[NONE][CKV_AWS_358] Ensure AWS GitHub Actions OIDC authorization policies only allow safe claims and claim order" classname="/main.tf.aws_iam_policy_document.lambda_assume_role" file="/main.tf"/>
		<testcase name="[NONE][CKV_AWS_111] Ensure IAM policies does not allow write access without constraints" classname="/main.tf.aws_iam_policy_document.lambda_assume_role" file="/main.tf"/>
		<testcase name="[NONE][CKV_AWS_356] Ensure no IAM policies documents allow &quot;*&quot; as a statement's resource for restrictable actions" classname="/main.tf.aws_iam_policy_document.lambda_assume_role" file="/main.tf"/>
		<testcase name="[NONE][CKV_AWS_49] Ensure no IAM policies documents allow &quot;*&quot; as a statement's actions" classname="/main.tf.aws_iam_policy_document.lambda_assume_role" file="/main.tf"/>
		<testcase name="[NONE][CKV_AWS_110] Ensure IAM policies does not allow privilege escalation" classname="/main.tf.aws_iam_policy_document.lambda_assume_role" file="/main.tf"/>
		<testcase name="[NONE][CKV_AWS_1] Ensure IAM policies that allow full &quot;*-*&quot; administrative privileges are not created" classname="/main.tf.aws_iam_policy_document.lambda_assume_role" file="/main.tf"/>
		<testcase name="[NONE][CKV_AWS_61] Ensure AWS IAM policy does not allow assume role permission across all services" classname="/main.tf.aws_iam_role.lambda_role" file="/main.tf"/>
		<testcase name="[NONE][CKV_AWS_274] Disallow IAM roles, users, and groups from using the AWS AdministratorAccess policy" classname="/main.tf.aws_iam_role.lambda_role" file="/main.tf"/>
		<testcase name="[NONE][CKV_AWS_60] Ensure IAM role allows only specific services or principals to assume it" classname="/main.tf.aws_iam_role.lambda_role" file="/main.tf"/>
		<testcase name="[NONE][CKV_AWS_274] Disallow IAM roles, users, and groups from using the AWS AdministratorAccess policy" classname="/main.tf.aws_iam_role_policy_attachment.lambda_logs" file="/main.tf"/>
		<testcase name="[NONE][CKV_AWS_288] Ensure IAM policies does not allow data exfiltration" classname="/main.tf.aws_iam_role_policy.lambda_dynamodb" file="/main.tf"/>
		<testcase name="[NONE][CKV_AWS_355] Ensure no IAM policies documents allow &quot;*&quot; as a statement's resource for restrictable actions" classname="/main.tf.aws_iam_role_policy.lambda_dynamodb" file="/main.tf"/>
		<testcase name="[NONE][CKV_AWS_289] Ensure IAM policies does not allow permissions management / resource exposure without constraints" classname="/main.tf.aws_iam_role_policy.lambda_dynamodb" file="/main.tf"/>
		<testcase name="[NONE][CKV_AWS_287] Ensure IAM policies does not allow credentials exposure" classname="/main.tf.aws_iam_role_policy.lambda_dynamodb" file="/main.tf"/>
		<testcase name="[NONE][CKV_AWS_63] Ensure no IAM policies documents allow &quot;*&quot; as a statement's actions" classname="/main.tf.aws_iam_role_policy.lambda_dynamodb" file="/main.tf"/>
		<testcase name="[NONE][CKV_AWS_290] Ensure IAM policies does not allow write access without constraints" classname="/main.tf.aws_iam_role_policy.lambda_dynamodb" file="/main.tf"/>
		<testcase name="[NONE][CKV_AWS_286] Ensure IAM policies does not allow privilege escalation" classname="/main.tf.aws_iam_role_policy.lambda_dynamodb" file="/main.tf"/>
		<testcase name="[NONE][CKV_AWS_62] Ensure IAM policies that allow full &quot;*-*&quot; administrative privileges are not created" classname="/main.tf.aws_iam_role_policy.lambda_dynamodb" file="/main.tf"/>
		<testcase name="[NONE][CKV_AWS_227] Ensure KMS key is enabled" classname="/main.tf.aws_kms_key.dynamodb_key" file="/main.tf"/>
		<testcase name="[NONE][CKV_AWS_33] Ensure KMS key policy does not contain wildcard (*) principal" classname="/main.tf.aws_kms_key.dynamodb_key" file="/main.tf"/>
		<testcase name="[NONE][CKV_AWS_7] Ensure rotation for customer created CMKs is enabled" classname="/main.tf.aws_kms_key.dynamodb_key" file="/main.tf"/>
		<testcase name="[NONE][CKV_AWS_119] Ensure DynamoDB Tables are encrypted using a KMS Customer Managed CMK" classname="/main.tf.aws_dynamodb_table.iot_data" file="/main.tf"/>
		<testcase name="[NONE][CKV_AWS_28] Ensure DynamoDB point in time recovery (backup) is enabled" classname="/main.tf.aws_dynamodb_table.iot_data" file="/main.tf"/>
		<testcase name="[NONE][CKV_AWS_227] Ensure KMS key is enabled" classname="/main.tf.aws_kms_key.lambda_env_key" file="/main.tf"/>
		<testcase name="[NONE][CKV_AWS_33] Ensure KMS key policy does not contain wildcard (*) principal" classname="/main.tf.aws_kms_key.lambda_env_key" file="/main.tf"/>
		<testcase name="[NONE][CKV_AWS_7] Ensure rotation for customer created CMKs is enabled" classname="/main.tf.aws_kms_key.lambda_env_key" file="/main.tf"/>
		<testcase name="[NONE][CKV_AWS_23] Ensure every security group and rule has a description" classname="/main.tf.aws_security_group.lambda_sg" file="/main.tf"/>
		<testcase name="[NONE][CKV_AWS_260] Ensure no security groups allow ingress from 0.0.0.0:0 to port 80" classname="/main.tf.aws_security_group.lambda_sg" file="/main.tf"/>
		<testcase name="[NONE][CKV_AWS_25] Ensure no security groups allow ingress from 0.0.0.0:0 to port 3389" classname="/main.tf.aws_security_group.lambda_sg" file="/main.tf"/>
		<testcase name="[NONE][CKV_AWS_24] Ensure no security groups allow ingress from 0.0.0.0:0 to port 22" classname="/main.tf.aws_security_group.lambda_sg" file="/main.tf"/>
		<testcase name="[NONE][CKV_AWS_277] Ensure no security groups allow ingress from 0.0.0.0:0 to port -1" classname="/main.tf.aws_security_group.lambda_sg" file="/main.tf"/>
		<testcase name="[NONE][CKV_AWS_173] Check encryption settings for Lambda environmental variable" classname="/main.tf.aws_lambda_function.lambdas[&quot;alert_system&quot;]" file="/main.tf"/>
		<testcase name="[NONE][CKV_AWS_272] Ensure AWS Lambda function is configured to validate code-signing" classname="/main.tf.aws_lambda_function.lambdas[&quot;alert_system&quot;]" file="/main.tf"/>
		<testcase name="[NONE][CKV_AWS_45] Ensure no hard-coded secrets exist in lambda environment" classname="/main.tf.aws_lambda_function.lambdas[&quot;alert_system&quot;]" file="/main.tf"/>
		<testcase name="[NONE][CKV_AWS_363] Ensure Lambda Runtime is not deprecated" classname="/main.tf.aws_lambda_function.lambdas[&quot;alert_system&quot;]" file="/main.tf"/>
		<testcase name="[NONE][CKV_AWS_301] Ensure that AWS Lambda function is not publicly accessible" classname="/main.tf.aws_lambda_permission.allow_apigw_send_to_sqs" file="/main.tf"/>
		<testcase name="[NONE][CKV_AWS_364] Ensure that AWS Lambda function permissions delegated to AWS services are limited by SourceArn or SourceAccount" classname="/main.tf.aws_lambda_permission.allow_apigw_send_to_sqs" file="/main.tf"/>
		<testcase name="[NONE][CKV_AWS_301] Ensure that AWS Lambda function is not publicly accessible" classname="/main.tf.aws_lambda_permission.allow_apigw" file="/main.tf"/>
		<testcase name="[NONE][CKV_AWS_364] Ensure that AWS Lambda function permissions delegated to AWS services are limited by SourceArn or SourceAccount" classname="/main.tf.aws_lambda_permission.allow_apigw" file="/main.tf"/>
		<testcase name="[NONE][CKV_AWS_66] Ensure that CloudWatch Log Group specifies retention days" classname="/main.tf.aws_cloudwatch_log_group.lambda_logs" file="/main.tf"/>
		<testcase name="[NONE][CKV_AWS_66] Ensure that CloudWatch Log Group specifies retention days" classname="/main.tf.aws_cloudwatch_log_group.lambda_send_to_sqs_logs" file="/main.tf"/>
		<testcase name="[NONE][CKV_AWS_168] Ensure SQS queue policy is not public by only allowing specific services or principals to access it" classname="/main.tf.aws_sqs_queue.iot_alert_queue" file="/main.tf"/>
		<testcase name="[NONE][CKV_AWS_45] Ensure no hard-coded secrets exist in lambda environment" classname="/main.tf.aws_lambda_function.send_to_sqs" file="/main.tf"/>
		<testcase name="[NONE][CKV_AWS_117] Ensure that AWS Lambda function is configured inside a VPC" classname="/main.tf.aws_lambda_function.send_to_sqs" file="/main.tf"/>
		<testcase name="[NONE][CKV_AWS_363] Ensure Lambda Runtime is not deprecated" classname="/main.tf.aws_lambda_function.send_to_sqs" file="/main.tf"/>
		<testcase name="[NONE][CKV_AWS_45] Ensure no hard-coded secrets exist in lambda environment" classname="/main.tf.aws_lambda_function.sqs_to_sns" file="/main.tf"/>
		<testcase name="[NONE][CKV_AWS_117] Ensure that AWS Lambda function is configured inside a VPC" classname="/main.tf.aws_lambda_function.sqs_to_sns" file="/main.tf"/>
		<testcase name="[NONE][CKV_AWS_363] Ensure Lambda Runtime is not deprecated" classname="/main.tf.aws_lambda_function.sqs_to_sns" file="/main.tf"/>
		<testcase name="[NONE][CKV_AWS_173] Check encryption settings for Lambda environmental variable" classname="/main.tf.aws_lambda_function.lambdas[&quot;generate_report&quot;]" file="/main.tf"/>
		<testcase name="[NONE][CKV_AWS_272] Ensure AWS Lambda function is configured to validate code-signing" classname="/main.tf.aws_lambda_function.lambdas[&quot;generate_report&quot;]" file="/main.tf"/>
		<testcase name="[NONE][CKV_AWS_45] Ensure no hard-coded secrets exist in lambda environment" classname="/main.tf.aws_lambda_function.lambdas[&quot;generate_report&quot;]" file="/main.tf"/>
		<testcase name="[NONE][CKV_AWS_363] Ensure Lambda Runtime is not deprecated" classname="/main.tf.aws_lambda_function.lambdas[&quot;generate_report&quot;]" file="/main.tf"/>
		<testcase name="[NONE][CKV_AWS_173] Check encryption settings for Lambda environmental variable" classname="/main.tf.aws_lambda_function.lambdas[&quot;get_dashboard&quot;]" file="/main.tf"/>
		<testcase name="[NONE][CKV_AWS_272] Ensure AWS Lambda function is configured to validate code-signing" classname="/main.tf.aws_lambda_function.lambdas[&quot;get_dashboard&quot;]" file="/main.tf"/>
		<testcase name="[NONE][CKV_AWS_45] Ensure no hard-coded secrets exist in lambda environment" classname="/main.tf.aws_lambda_function.lambdas[&quot;get_dashboard&quot;]" file="/main.tf"/>
		<testcase name="[NONE][CKV_AWS_363] Ensure Lambda Runtime is not deprecated" classname="/main.tf.aws_lambda_function.lambdas[&quot;get_dashboard&quot;]" file="/main.tf"/>
		<testcase name="[NONE][CKV_AWS_173] Check encryption settings for Lambda environmental variable" classname="/main.tf.aws_lambda_function.lambdas[&quot;register_device&quot;]" file="/main.tf"/>
		<testcase name="[NONE][CKV_AWS_272] Ensure AWS Lambda function is configured to validate code-signing" classname="/main.tf.aws_lambda_function.lambdas[&quot;register_device&quot;]" file="/main.tf"/>
		<testcase name="[NONE][CKV_AWS_45] Ensure no hard-coded secrets exist in lambda environment" classname="/main.tf.aws_lambda_function.lambdas[&quot;register_device&quot;]" file="/main.tf"/>
		<testcase name="[NONE][CKV_AWS_363] Ensure Lambda Runtime is not deprecated" classname="/main.tf.aws_lambda_function.lambdas[&quot;register_device&quot;]" file="/main.tf"/>
		<testcase name="[NONE][CKV_AWS_173] Check encryption settings for Lambda environmental variable" classname="/main.tf.aws_lambda_function.lambdas[&quot;store_metrics&quot;]" file="/main.tf"/>
		<testcase name="[NONE][CKV_AWS_272] Ensure AWS Lambda function is configured to validate code-signing" classname="/main.tf.aws_lambda_function.lambdas[&quot;store_metrics&quot;]" file="/main.tf"/>
		<testcase name="[NONE][CKV_AWS_45] Ensure no hard-coded secrets exist in lambda environment" classname="/main.tf.aws_lambda_function.lambdas[&quot;store_metrics&quot;]" file="/main.tf"/>
		<testcase name="[NONE][CKV_AWS_363] Ensure Lambda Runtime is not deprecated" classname="/main.tf.aws_lambda_function.lambdas[&quot;store_metrics&quot;]" file="/main.tf"/>
		<testcase name="[NONE][CKV2_AWS_73] Ensure AWS SQS uses CMK not AWS default keys for encryption" classname="/main.tf.aws_sqs_queue.iot_alert_queue" file="/main.tf"/>
		<testcase name="[NONE][CKV2_AWS_56] Ensure AWS Managed IAMFullAccess IAM policy is not used." classname="/main.tf.aws_iam_role.lambda_role" file="/main.tf"/>
		<testcase name="[NONE][CKV2_AWS_56] Ensure AWS Managed IAMFullAccess IAM policy is not used." classname="/main.tf.aws_iam_role_policy_attachment.lambda_logs" file="/main.tf"/>
		<testcase name="[NONE][CKV2_AWS_16] Ensure that Auto Scaling is enabled on your DynamoDB tables" classname="/main.tf.aws_dynamodb_table.iot_data" file="/main.tf"/>
		<testcase name="[NONE][CKV2_AWS_5] Ensure that Security Groups are attached to another resource" classname="/main.tf.aws_security_group.lambda_sg" file="/main.tf"/>
		<testcase name="[NONE][CKV2_AWS_75] Ensure no open CORS policy" classname="/main.tf.aws_lambda_function.lambdas[&quot;alert_system&quot;]" file="/main.tf"/>
		<testcase name="[NONE][CKV2_AWS_75] Ensure no open CORS policy" classname="/main.tf.aws_lambda_function.send_to_sqs" file="/main.tf"/>
		<testcase name="[NONE][CKV2_AWS_75] Ensure no open CORS policy" classname="/main.tf.aws_lambda_function.sqs_to_sns" file="/main.tf"/>
		<testcase name="[NONE][CKV2_AWS_75] Ensure no open CORS policy" classname="/main.tf.aws_lambda_function.lambdas[&quot;generate_report&quot;]" file="/main.tf"/>
		<testcase name="[NONE][CKV2_AWS_75] Ensure no open CORS policy" classname="/main.tf.aws_lambda_function.lambdas[&quot;get_dashboard&quot;]" file="/main.tf"/>
		<testcase name="[NONE][CKV2_AWS_75] Ensure no open CORS policy" classname="/main.tf.aws_lambda_function.lambdas[&quot;register_device&quot;]" file="/main.tf"/>
		<testcase name="[NONE][CKV2_AWS_75] Ensure no open CORS policy" classname="/main.tf.aws_lambda_function.lambdas[&quot;store_metrics&quot;]" file="/main.tf"/>
		<testcase name="[NONE][CKV2_AWS_77] Ensure AWS API Gateway Rest API attached WAFv2 WebACL is configured with AMR for Log4j Vulnerability" classname="/main.tf.aws_apigatewayv2_api.http_api" file="/main.tf"/>
		<testcase name="[NONE][CKV2_AWS_51] Ensure AWS API Gateway endpoints uses client certificate authentication" classname="/main.tf.aws_apigatewayv2_stage.default_stage" file="/main.tf"/>
		<testcase name="[NONE][CKV2_AWS_40] Ensure AWS IAM policy does not allow full IAM privileges" classname="/main.tf.aws_iam_policy_document.lambda_assume_role" file="/main.tf"/>
		<testcase name="[NONE][CKV2_AWS_40] Ensure AWS IAM policy does not allow full IAM privileges" classname="/main.tf.aws_iam_role_policy.lambda_dynamodb" file="/main.tf"/>
		<testcase name="[NONE][CKV_AWS_382] Ensure no security groups allow egress from 0.0.0.0:0 to port -1" classname="/main.tf.aws_security_group.lambda_sg" file="/main.tf">
			<failure type="failure" message="Ensure no security groups allow egress from 0.0.0.0:0 to port -1">
Resource: aws_security_group.lambda_sg
File: /main.tf: 132-144
Guideline: https://docs.prismacloud.io/en/enterprise-edition/policy-reference/aws-policies/aws-networking-policies/bc-aws-382

		132 | resource &quot;aws_security_group&quot; &quot;lambda_sg&quot; {
		133 |   name        = &quot;lambda-security-group&quot;
		134 |   description = &quot;Security group for Lambda&quot;
		135 |   vpc_id      = data.aws_vpc.default.id
		136 | 
		137 |   egress {
		138 |     from_port   = 0
		139 |     to_port     = 0
		140 |     protocol    = &quot;-1&quot;
		141 |     cidr_blocks = [&quot;0.0.0.0/0&quot;]
		142 |     description = &quot;Allow all outbound traffic&quot;
		143 |   }
		144 | }
</failure>
		</testcase>
		<testcase name="[NONE][CKV_AWS_117] Ensure that AWS Lambda function is configured inside a VPC" classname="/main.tf.aws_lambda_function.lambdas[&quot;alert_system&quot;]" file="/main.tf">
			<failure type="failure" message="Ensure that AWS Lambda function is configured inside a VPC">
Resource: aws_lambda_function.lambdas[&quot;alert_system&quot;]
File: /main.tf: 146-164
Guideline: https://docs.prismacloud.io/en/enterprise-edition/policy-reference/aws-policies/aws-general-policies/ensure-that-aws-lambda-function-is-configured-inside-a-vpc-1

		146 | resource &quot;aws_lambda_function&quot; &quot;lambdas&quot; {
		147 |   for_each         = local.lambdas
		148 |   function_name    = each.key
		149 |   filename         = &quot;${path.module}/${each.value}&quot;
		150 |   handler          = &quot;index.handler&quot;
		151 |   runtime          = &quot;nodejs18.x&quot;
		152 |   role             = aws_iam_role.lambda_role.arn
		153 |   source_code_hash = filebase64sha256(&quot;${path.module}/${each.value}&quot;)
		154 | 
		155 |   environment {
		156 |     variables = {
		157 |       DYNAMO_TABLE = aws_dynamodb_table.iot_data.name
		158 |     }
		159 |   }
		160 | 
		161 |   kms_key_arn = aws_kms_key.lambda_env_key.arn
		162 |   code_signing_config_arn = aws_lambda_code_signing_config.signing_config.arn
		163 | 
		164 | }
</failure>
		</testcase>
		<testcase name="[NONE][CKV_AWS_116] Ensure that AWS Lambda function is configured for a Dead Letter Queue(DLQ)" classname="/main.tf.aws_lambda_function.lambdas[&quot;alert_system&quot;]" file="/main.tf">
			<failure type="failure" message="Ensure that AWS Lambda function is configured for a Dead Letter Queue(DLQ)">
Resource: aws_lambda_function.lambdas[&quot;alert_system&quot;]
File: /main.tf: 146-164
Guideline: https://docs.prismacloud.io/en/enterprise-edition/policy-reference/aws-policies/aws-general-policies/ensure-that-aws-lambda-function-is-configured-for-a-dead-letter-queue-dlq

		146 | resource &quot;aws_lambda_function&quot; &quot;lambdas&quot; {
		147 |   for_each         = local.lambdas
		148 |   function_name    = each.key
		149 |   filename         = &quot;${path.module}/${each.value}&quot;
		150 |   handler          = &quot;index.handler&quot;
		151 |   runtime          = &quot;nodejs18.x&quot;
		152 |   role             = aws_iam_role.lambda_role.arn
		153 |   source_code_hash = filebase64sha256(&quot;${path.module}/${each.value}&quot;)
		154 | 
		155 |   environment {
		156 |     variables = {
		157 |       DYNAMO_TABLE = aws_dynamodb_table.iot_data.name
		158 |     }
		159 |   }
		160 | 
		161 |   kms_key_arn = aws_kms_key.lambda_env_key.arn
		162 |   code_signing_config_arn = aws_lambda_code_signing_config.signing_config.arn
		163 | 
		164 | }
</failure>
		</testcase>
		<testcase name="[NONE][CKV_AWS_115] Ensure that AWS Lambda function is configured for function-level concurrent execution limit" classname="/main.tf.aws_lambda_function.lambdas[&quot;alert_system&quot;]" file="/main.tf">
			<failure type="failure" message="Ensure that AWS Lambda function is configured for function-level concurrent execution limit">
Resource: aws_lambda_function.lambdas[&quot;alert_system&quot;]
File: /main.tf: 146-164
Guideline: https://docs.prismacloud.io/en/enterprise-edition/policy-reference/aws-policies/aws-general-policies/ensure-that-aws-lambda-function-is-configured-for-function-level-concurrent-execution-limit

		146 | resource &quot;aws_lambda_function&quot; &quot;lambdas&quot; {
		147 |   for_each         = local.lambdas
		148 |   function_name    = each.key
		149 |   filename         = &quot;${path.module}/${each.value}&quot;
		150 |   handler          = &quot;index.handler&quot;
		151 |   runtime          = &quot;nodejs18.x&quot;
		152 |   role             = aws_iam_role.lambda_role.arn
		153 |   source_code_hash = filebase64sha256(&quot;${path.module}/${each.value}&quot;)
		154 | 
		155 |   environment {
		156 |     variables = {
		157 |       DYNAMO_TABLE = aws_dynamodb_table.iot_data.name
		158 |     }
		159 |   }
		160 | 
		161 |   kms_key_arn = aws_kms_key.lambda_env_key.arn
		162 |   code_signing_config_arn = aws_lambda_code_signing_config.signing_config.arn
		163 | 
		164 | }
</failure>
		</testcase>
		<testcase name="[NONE][CKV_AWS_50] X-Ray tracing is enabled for Lambda" classname="/main.tf.aws_lambda_function.lambdas[&quot;alert_system&quot;]" file="/main.tf">
			<failure type="failure" message="X-Ray tracing is enabled for Lambda">
Resource: aws_lambda_function.lambdas[&quot;alert_system&quot;]
File: /main.tf: 146-164
Guideline: https://docs.prismacloud.io/en/enterprise-edition/policy-reference/aws-policies/aws-serverless-policies/bc-aws-serverless-4

		146 | resource &quot;aws_lambda_function&quot; &quot;lambdas&quot; {
		147 |   for_each         = local.lambdas
		148 |   function_name    = each.key
		149 |   filename         = &quot;${path.module}/${each.value}&quot;
		150 |   handler          = &quot;index.handler&quot;
		151 |   runtime          = &quot;nodejs18.x&quot;
		152 |   role             = aws_iam_role.lambda_role.arn
		153 |   source_code_hash = filebase64sha256(&quot;${path.module}/${each.value}&quot;)
		154 | 
		155 |   environment {
		156 |     variables = {
		157 |       DYNAMO_TABLE = aws_dynamodb_table.iot_data.name
		158 |     }
		159 |   }
		160 | 
		161 |   kms_key_arn = aws_kms_key.lambda_env_key.arn
		162 |   code_signing_config_arn = aws_lambda_code_signing_config.signing_config.arn
		163 | 
		164 | }
</failure>
		</testcase>
		<testcase name="[NONE][CKV_AWS_309] Ensure API GatewayV2 routes specify an authorization type" classname="/main.tf.aws_apigatewayv2_route.send_to_sqs_route" file="/main.tf">
			<failure type="failure" message="Ensure API GatewayV2 routes specify an authorization type">
Resource: aws_apigatewayv2_route.send_to_sqs_route
File: /main.tf: 181-185
Guideline: https://docs.prismacloud.io/en/enterprise-edition/policy-reference/aws-policies/aws-iam-policies/bc-aws-309

		181 | resource &quot;aws_apigatewayv2_route&quot; &quot;send_to_sqs_route&quot; {
		182 |   api_id    = aws_apigatewayv2_api.http_api.id
		183 |   route_key = &quot;POST /send_to_sqs&quot;
		184 |   target    = &quot;integrations/${aws_apigatewayv2_integration.send_to_sqs_integration.id}&quot;
		185 | }
</failure>
		</testcase>
		<testcase name="[NONE][CKV_AWS_309] Ensure API GatewayV2 routes specify an authorization type" classname="/main.tf.aws_apigatewayv2_route.lambda_routes" file="/main.tf">
			<failure type="failure" message="Ensure API GatewayV2 routes specify an authorization type">
Resource: aws_apigatewayv2_route.lambda_routes
File: /main.tf: 204-209
Guideline: https://docs.prismacloud.io/en/enterprise-edition/policy-reference/aws-policies/aws-iam-policies/bc-aws-309

		204 | resource &quot;aws_apigatewayv2_route&quot; &quot;lambda_routes&quot; {
		205 |   for_each  = aws_apigatewayv2_integration.lambda_integration
		206 |   api_id    = aws_apigatewayv2_api.http_api.id
		207 |   route_key = &quot;POST /${each.key}&quot;
		208 |   target    = &quot;integrations/${each.value.id}&quot;
		209 | }
</failure>
		</testcase>
		<testcase name="[NONE][CKV_AWS_76] Ensure API Gateway has Access Logging enabled" classname="/main.tf.aws_apigatewayv2_stage.default_stage" file="/main.tf">
			<failure type="failure" message="Ensure API Gateway has Access Logging enabled">
Resource: aws_apigatewayv2_stage.default_stage
File: /main.tf: 211-215
Guideline: https://docs.prismacloud.io/en/enterprise-edition/policy-reference/aws-policies/aws-logging-policies/logging-17

		211 | resource &quot;aws_apigatewayv2_stage&quot; &quot;default_stage&quot; {
		212 |   api_id      = aws_apigatewayv2_api.http_api.id
		213 |   name        = &quot;$default&quot;
		214 |   auto_deploy = true
		215 | }
</failure>
		</testcase>
		<testcase name="[NONE][CKV_AWS_158] Ensure that CloudWatch Log Group is encrypted by KMS" classname="/main.tf.aws_cloudwatch_log_group.lambda_logs" file="/main.tf">
			<failure type="failure" message="Ensure that CloudWatch Log Group is encrypted by KMS">
Resource: aws_cloudwatch_log_group.lambda_logs
File: /main.tf: 228-232
Guideline: https://docs.prismacloud.io/en/enterprise-edition/policy-reference/aws-policies/aws-general-policies/ensure-that-cloudwatch-log-group-is-encrypted-by-kms

		228 | resource &quot;aws_cloudwatch_log_group&quot; &quot;lambda_logs&quot; {
		229 |   for_each          = aws_lambda_function.lambdas
		230 |   name              = &quot;/aws/lambda/${each.value.function_name}&quot;
		231 |   retention_in_days = 7
		232 | }
</failure>
		</testcase>
		<testcase name="[NONE][CKV_AWS_338] Ensure CloudWatch log groups retains logs for at least 1 year" classname="/main.tf.aws_cloudwatch_log_group.lambda_logs" file="/main.tf">
			<failure type="failure" message="Ensure CloudWatch log groups retains logs for at least 1 year">
Resource: aws_cloudwatch_log_group.lambda_logs
File: /main.tf: 228-232
Guideline: https://docs.prismacloud.io/en/enterprise-edition/policy-reference/aws-policies/aws-logging-policies/bc-aws-338

		228 | resource &quot;aws_cloudwatch_log_group&quot; &quot;lambda_logs&quot; {
		229 |   for_each          = aws_lambda_function.lambdas
		230 |   name              = &quot;/aws/lambda/${each.value.function_name}&quot;
		231 |   retention_in_days = 7
		232 | }
</failure>
		</testcase>
		<testcase name="[NONE][CKV_AWS_158] Ensure that CloudWatch Log Group is encrypted by KMS" classname="/main.tf.aws_cloudwatch_log_group.lambda_send_to_sqs_logs" file="/main.tf">
			<failure type="failure" message="Ensure that CloudWatch Log Group is encrypted by KMS">
Resource: aws_cloudwatch_log_group.lambda_send_to_sqs_logs
File: /main.tf: 234-237
Guideline: https://docs.prismacloud.io/en/enterprise-edition/policy-reference/aws-policies/aws-general-policies/ensure-that-cloudwatch-log-group-is-encrypted-by-kms

		234 | resource &quot;aws_cloudwatch_log_group&quot; &quot;lambda_send_to_sqs_logs&quot; {
		235 |   name              = &quot;/aws/lambda/${aws_lambda_function.send_to_sqs.function_name}&quot;
		236 |   retention_in_days = 7
		237 | }
</failure>
		</testcase>
		<testcase name="[NONE][CKV_AWS_338] Ensure CloudWatch log groups retains logs for at least 1 year" classname="/main.tf.aws_cloudwatch_log_group.lambda_send_to_sqs_logs" file="/main.tf">
			<failure type="failure" message="Ensure CloudWatch log groups retains logs for at least 1 year">
Resource: aws_cloudwatch_log_group.lambda_send_to_sqs_logs
File: /main.tf: 234-237
Guideline: https://docs.prismacloud.io/en/enterprise-edition/policy-reference/aws-policies/aws-logging-policies/bc-aws-338

		234 | resource &quot;aws_cloudwatch_log_group&quot; &quot;lambda_send_to_sqs_logs&quot; {
		235 |   name              = &quot;/aws/lambda/${aws_lambda_function.send_to_sqs.function_name}&quot;
		236 |   retention_in_days = 7
		237 | }
</failure>
		</testcase>
		<testcase name="[NONE][CKV_AWS_27] Ensure all data stored in the SQS queue is encrypted" classname="/main.tf.aws_sqs_queue.iot_alert_queue" file="/main.tf">
			<failure type="failure" message="Ensure all data stored in the SQS queue is encrypted">
Resource: aws_sqs_queue.iot_alert_queue
File: /main.tf: 241-245
Guideline: https://docs.prismacloud.io/en/enterprise-edition/policy-reference/aws-policies/aws-general-policies/general-16-encrypt-sqs-queue

		241 | resource &quot;aws_sqs_queue&quot; &quot;iot_alert_queue&quot; {
		242 |   name                      = &quot;iot_alert_queue&quot;
		243 |   visibility_timeout_seconds = 30
		244 |   message_retention_seconds = 86400  # 1 día
		245 | }
</failure>
		</testcase>
		<testcase name="[NONE][CKV_AWS_173] Check encryption settings for Lambda environmental variable" classname="/main.tf.aws_lambda_function.send_to_sqs" file="/main.tf">
			<failure type="failure" message="Check encryption settings for Lambda environmental variable">
Resource: aws_lambda_function.send_to_sqs
File: /main.tf: 248-266
Guideline: https://docs.prismacloud.io/en/enterprise-edition/policy-reference/aws-policies/aws-serverless-policies/bc-aws-serverless-5

		248 | resource &quot;aws_lambda_function&quot; &quot;send_to_sqs&quot; {
		249 |   function_name = &quot;send_to_sqs&quot;
		250 |   handler       = &quot;index.handler&quot;
		251 |   runtime       = &quot;nodejs18.x&quot;
		252 |   filename      = &quot;${path.module}/lambda_send_to_sqs.zip&quot;
		253 |   source_code_hash = filebase64sha256(&quot;${path.module}/lambda_send_to_sqs.zip&quot;)
		254 |   role          = aws_iam_role.lambda_role.arn
		255 | 
		256 |   environment {
		257 |     variables = {
		258 |       SQS_URL = aws_sqs_queue.iot_alert_queue.id
		259 |     }
		260 |   }
		261 | 
		262 |     vpc_config {
		263 |     subnet_ids         = data.aws_subnet_ids.default.ids
		264 |     security_group_ids = [aws_security_group.lambda_sg.id]
		265 |   }
		266 | }
</failure>
		</testcase>
		<testcase name="[NONE][CKV_AWS_272] Ensure AWS Lambda function is configured to validate code-signing" classname="/main.tf.aws_lambda_function.send_to_sqs" file="/main.tf">
			<failure type="failure" message="Ensure AWS Lambda function is configured to validate code-signing">
Resource: aws_lambda_function.send_to_sqs
File: /main.tf: 248-266
Guideline: https://docs.prismacloud.io/en/enterprise-edition/policy-reference/aws-policies/aws-general-policies/bc-aws-272

		248 | resource &quot;aws_lambda_function&quot; &quot;send_to_sqs&quot; {
		249 |   function_name = &quot;send_to_sqs&quot;
		250 |   handler       = &quot;index.handler&quot;
		251 |   runtime       = &quot;nodejs18.x&quot;
		252 |   filename      = &quot;${path.module}/lambda_send_to_sqs.zip&quot;
		253 |   source_code_hash = filebase64sha256(&quot;${path.module}/lambda_send_to_sqs.zip&quot;)
		254 |   role          = aws_iam_role.lambda_role.arn
		255 | 
		256 |   environment {
		257 |     variables = {
		258 |       SQS_URL = aws_sqs_queue.iot_alert_queue.id
		259 |     }
		260 |   }
		261 | 
		262 |     vpc_config {
		263 |     subnet_ids         = data.aws_subnet_ids.default.ids
		264 |     security_group_ids = [aws_security_group.lambda_sg.id]
		265 |   }
		266 | }
</failure>
		</testcase>
		<testcase name="[NONE][CKV_AWS_116] Ensure that AWS Lambda function is configured for a Dead Letter Queue(DLQ)" classname="/main.tf.aws_lambda_function.send_to_sqs" file="/main.tf">
			<failure type="failure" message="Ensure that AWS Lambda function is configured for a Dead Letter Queue(DLQ)">
Resource: aws_lambda_function.send_to_sqs
File: /main.tf: 248-266
Guideline: https://docs.prismacloud.io/en/enterprise-edition/policy-reference/aws-policies/aws-general-policies/ensure-that-aws-lambda-function-is-configured-for-a-dead-letter-queue-dlq

		248 | resource &quot;aws_lambda_function&quot; &quot;send_to_sqs&quot; {
		249 |   function_name = &quot;send_to_sqs&quot;
		250 |   handler       = &quot;index.handler&quot;
		251 |   runtime       = &quot;nodejs18.x&quot;
		252 |   filename      = &quot;${path.module}/lambda_send_to_sqs.zip&quot;
		253 |   source_code_hash = filebase64sha256(&quot;${path.module}/lambda_send_to_sqs.zip&quot;)
		254 |   role          = aws_iam_role.lambda_role.arn
		255 | 
		256 |   environment {
		257 |     variables = {
		258 |       SQS_URL = aws_sqs_queue.iot_alert_queue.id
		259 |     }
		260 |   }
		261 | 
		262 |     vpc_config {
		263 |     subnet_ids         = data.aws_subnet_ids.default.ids
		264 |     security_group_ids = [aws_security_group.lambda_sg.id]
		265 |   }
		266 | }
</failure>
		</testcase>
		<testcase name="[NONE][CKV_AWS_115] Ensure that AWS Lambda function is configured for function-level concurrent execution limit" classname="/main.tf.aws_lambda_function.send_to_sqs" file="/main.tf">
			<failure type="failure" message="Ensure that AWS Lambda function is configured for function-level concurrent execution limit">
Resource: aws_lambda_function.send_to_sqs
File: /main.tf: 248-266
Guideline: https://docs.prismacloud.io/en/enterprise-edition/policy-reference/aws-policies/aws-general-policies/ensure-that-aws-lambda-function-is-configured-for-function-level-concurrent-execution-limit

		248 | resource &quot;aws_lambda_function&quot; &quot;send_to_sqs&quot; {
		249 |   function_name = &quot;send_to_sqs&quot;
		250 |   handler       = &quot;index.handler&quot;
		251 |   runtime       = &quot;nodejs18.x&quot;
		252 |   filename      = &quot;${path.module}/lambda_send_to_sqs.zip&quot;
		253 |   source_code_hash = filebase64sha256(&quot;${path.module}/lambda_send_to_sqs.zip&quot;)
		254 |   role          = aws_iam_role.lambda_role.arn
		255 | 
		256 |   environment {
		257 |     variables = {
		258 |       SQS_URL = aws_sqs_queue.iot_alert_queue.id
		259 |     }
		260 |   }
		261 | 
		262 |     vpc_config {
		263 |     subnet_ids         = data.aws_subnet_ids.default.ids
		264 |     security_group_ids = [aws_security_group.lambda_sg.id]
		265 |   }
		266 | }
</failure>
		</testcase>
		<testcase name="[NONE][CKV_AWS_50] X-Ray tracing is enabled for Lambda" classname="/main.tf.aws_lambda_function.send_to_sqs" file="/main.tf">
			<failure type="failure" message="X-Ray tracing is enabled for Lambda">
Resource: aws_lambda_function.send_to_sqs
File: /main.tf: 248-266
Guideline: https://docs.prismacloud.io/en/enterprise-edition/policy-reference/aws-policies/aws-serverless-policies/bc-aws-serverless-4

		248 | resource &quot;aws_lambda_function&quot; &quot;send_to_sqs&quot; {
		249 |   function_name = &quot;send_to_sqs&quot;
		250 |   handler       = &quot;index.handler&quot;
		251 |   runtime       = &quot;nodejs18.x&quot;
		252 |   filename      = &quot;${path.module}/lambda_send_to_sqs.zip&quot;
		253 |   source_code_hash = filebase64sha256(&quot;${path.module}/lambda_send_to_sqs.zip&quot;)
		254 |   role          = aws_iam_role.lambda_role.arn
		255 | 
		256 |   environment {
		257 |     variables = {
		258 |       SQS_URL = aws_sqs_queue.iot_alert_queue.id
		259 |     }
		260 |   }
		261 | 
		262 |     vpc_config {
		263 |     subnet_ids         = data.aws_subnet_ids.default.ids
		264 |     security_group_ids = [aws_security_group.lambda_sg.id]
		265 |   }
		266 | }
</failure>
		</testcase>
		<testcase name="[NONE][CKV_AWS_26] Ensure all data stored in the SNS topic is encrypted" classname="/main.tf.aws_sns_topic.iot_alert_topic" file="/main.tf">
			<failure type="failure" message="Ensure all data stored in the SNS topic is encrypted">
Resource: aws_sns_topic.iot_alert_topic
File: /main.tf: 270-272
Guideline: https://docs.prismacloud.io/en/enterprise-edition/policy-reference/aws-policies/aws-general-policies/general-15

		270 | resource &quot;aws_sns_topic&quot; &quot;iot_alert_topic&quot; {
		271 |   name = &quot;iot_alert_topic&quot;
		272 | }
</failure>
		</testcase>
		<testcase name="[NONE][CKV_AWS_173] Check encryption settings for Lambda environmental variable" classname="/main.tf.aws_lambda_function.sqs_to_sns" file="/main.tf">
			<failure type="failure" message="Check encryption settings for Lambda environmental variable">
Resource: aws_lambda_function.sqs_to_sns
File: /main.tf: 283-301
Guideline: https://docs.prismacloud.io/en/enterprise-edition/policy-reference/aws-policies/aws-serverless-policies/bc-aws-serverless-5

		283 | resource &quot;aws_lambda_function&quot; &quot;sqs_to_sns&quot; {
		284 |   function_name = &quot;sqs_to_sns&quot;
		285 |   handler       = &quot;index.handler&quot;
		286 |   runtime       = &quot;nodejs18.x&quot;
		287 |   filename      = &quot;${path.module}/lambda_sqs_to_sns.zip&quot;
		288 |   source_code_hash = filebase64sha256(&quot;${path.module}/lambda_sqs_to_sns.zip&quot;)
		289 |   role          = aws_iam_role.lambda_role.arn
		290 | 
		291 |   environment {
		292 |     variables = {
		293 |       SNS_TOPIC_ARN = aws_sns_topic.iot_alert_topic.arn
		294 |     }
		295 |   }
		296 | 
		297 |     vpc_config {
		298 |     subnet_ids         = data.aws_subnet_ids.default.ids
		299 |     security_group_ids = [aws_security_group.lambda_sg.id]
		300 |   }
		301 | }
</failure>
		</testcase>
		<testcase name="[NONE][CKV_AWS_272] Ensure AWS Lambda function is configured to validate code-signing" classname="/main.tf.aws_lambda_function.sqs_to_sns" file="/main.tf">
			<failure type="failure" message="Ensure AWS Lambda function is configured to validate code-signing">
Resource: aws_lambda_function.sqs_to_sns
File: /main.tf: 283-301
Guideline: https://docs.prismacloud.io/en/enterprise-edition/policy-reference/aws-policies/aws-general-policies/bc-aws-272

		283 | resource &quot;aws_lambda_function&quot; &quot;sqs_to_sns&quot; {
		284 |   function_name = &quot;sqs_to_sns&quot;
		285 |   handler       = &quot;index.handler&quot;
		286 |   runtime       = &quot;nodejs18.x&quot;
		287 |   filename      = &quot;${path.module}/lambda_sqs_to_sns.zip&quot;
		288 |   source_code_hash = filebase64sha256(&quot;${path.module}/lambda_sqs_to_sns.zip&quot;)
		289 |   role          = aws_iam_role.lambda_role.arn
		290 | 
		291 |   environment {
		292 |     variables = {
		293 |       SNS_TOPIC_ARN = aws_sns_topic.iot_alert_topic.arn
		294 |     }
		295 |   }
		296 | 
		297 |     vpc_config {
		298 |     subnet_ids         = data.aws_subnet_ids.default.ids
		299 |     security_group_ids = [aws_security_group.lambda_sg.id]
		300 |   }
		301 | }
</failure>
		</testcase>
		<testcase name="[NONE][CKV_AWS_116] Ensure that AWS Lambda function is configured for a Dead Letter Queue(DLQ)" classname="/main.tf.aws_lambda_function.sqs_to_sns" file="/main.tf">
			<failure type="failure" message="Ensure that AWS Lambda function is configured for a Dead Letter Queue(DLQ)">
Resource: aws_lambda_function.sqs_to_sns
File: /main.tf: 283-301
Guideline: https://docs.prismacloud.io/en/enterprise-edition/policy-reference/aws-policies/aws-general-policies/ensure-that-aws-lambda-function-is-configured-for-a-dead-letter-queue-dlq

		283 | resource &quot;aws_lambda_function&quot; &quot;sqs_to_sns&quot; {
		284 |   function_name = &quot;sqs_to_sns&quot;
		285 |   handler       = &quot;index.handler&quot;
		286 |   runtime       = &quot;nodejs18.x&quot;
		287 |   filename      = &quot;${path.module}/lambda_sqs_to_sns.zip&quot;
		288 |   source_code_hash = filebase64sha256(&quot;${path.module}/lambda_sqs_to_sns.zip&quot;)
		289 |   role          = aws_iam_role.lambda_role.arn
		290 | 
		291 |   environment {
		292 |     variables = {
		293 |       SNS_TOPIC_ARN = aws_sns_topic.iot_alert_topic.arn
		294 |     }
		295 |   }
		296 | 
		297 |     vpc_config {
		298 |     subnet_ids         = data.aws_subnet_ids.default.ids
		299 |     security_group_ids = [aws_security_group.lambda_sg.id]
		300 |   }
		301 | }
</failure>
		</testcase>
		<testcase name="[NONE][CKV_AWS_115] Ensure that AWS Lambda function is configured for function-level concurrent execution limit" classname="/main.tf.aws_lambda_function.sqs_to_sns" file="/main.tf">
			<failure type="failure" message="Ensure that AWS Lambda function is configured for function-level concurrent execution limit">
Resource: aws_lambda_function.sqs_to_sns
File: /main.tf: 283-301
Guideline: https://docs.prismacloud.io/en/enterprise-edition/policy-reference/aws-policies/aws-general-policies/ensure-that-aws-lambda-function-is-configured-for-function-level-concurrent-execution-limit

		283 | resource &quot;aws_lambda_function&quot; &quot;sqs_to_sns&quot; {
		284 |   function_name = &quot;sqs_to_sns&quot;
		285 |   handler       = &quot;index.handler&quot;
		286 |   runtime       = &quot;nodejs18.x&quot;
		287 |   filename      = &quot;${path.module}/lambda_sqs_to_sns.zip&quot;
		288 |   source_code_hash = filebase64sha256(&quot;${path.module}/lambda_sqs_to_sns.zip&quot;)
		289 |   role          = aws_iam_role.lambda_role.arn
		290 | 
		291 |   environment {
		292 |     variables = {
		293 |       SNS_TOPIC_ARN = aws_sns_topic.iot_alert_topic.arn
		294 |     }
		295 |   }
		296 | 
		297 |     vpc_config {
		298 |     subnet_ids         = data.aws_subnet_ids.default.ids
		299 |     security_group_ids = [aws_security_group.lambda_sg.id]
		300 |   }
		301 | }
</failure>
		</testcase>
		<testcase name="[NONE][CKV_AWS_50] X-Ray tracing is enabled for Lambda" classname="/main.tf.aws_lambda_function.sqs_to_sns" file="/main.tf">
			<failure type="failure" message="X-Ray tracing is enabled for Lambda">
Resource: aws_lambda_function.sqs_to_sns
File: /main.tf: 283-301
Guideline: https://docs.prismacloud.io/en/enterprise-edition/policy-reference/aws-policies/aws-serverless-policies/bc-aws-serverless-4

		283 | resource &quot;aws_lambda_function&quot; &quot;sqs_to_sns&quot; {
		284 |   function_name = &quot;sqs_to_sns&quot;
		285 |   handler       = &quot;index.handler&quot;
		286 |   runtime       = &quot;nodejs18.x&quot;
		287 |   filename      = &quot;${path.module}/lambda_sqs_to_sns.zip&quot;
		288 |   source_code_hash = filebase64sha256(&quot;${path.module}/lambda_sqs_to_sns.zip&quot;)
		289 |   role          = aws_iam_role.lambda_role.arn
		290 | 
		291 |   environment {
		292 |     variables = {
		293 |       SNS_TOPIC_ARN = aws_sns_topic.iot_alert_topic.arn
		294 |     }
		295 |   }
		296 | 
		297 |     vpc_config {
		298 |     subnet_ids         = data.aws_subnet_ids.default.ids
		299 |     security_group_ids = [aws_security_group.lambda_sg.id]
		300 |   }
		301 | }
</failure>
		</testcase>
		<testcase name="[NONE][CKV_AWS_117] Ensure that AWS Lambda function is configured inside a VPC" classname="/main.tf.aws_lambda_function.lambdas[&quot;generate_report&quot;]" file="/main.tf">
			<failure type="failure" message="Ensure that AWS Lambda function is configured inside a VPC">
Resource: aws_lambda_function.lambdas[&quot;generate_report&quot;]
File: /main.tf: 146-164
Guideline: https://docs.prismacloud.io/en/enterprise-edition/policy-reference/aws-policies/aws-general-policies/ensure-that-aws-lambda-function-is-configured-inside-a-vpc-1

		146 | resource &quot;aws_lambda_function&quot; &quot;lambdas&quot; {
		147 |   for_each         = local.lambdas
		148 |   function_name    = each.key
		149 |   filename         = &quot;${path.module}/${each.value}&quot;
		150 |   handler          = &quot;index.handler&quot;
		151 |   runtime          = &quot;nodejs18.x&quot;
		152 |   role             = aws_iam_role.lambda_role.arn
		153 |   source_code_hash = filebase64sha256(&quot;${path.module}/${each.value}&quot;)
		154 | 
		155 |   environment {
		156 |     variables = {
		157 |       DYNAMO_TABLE = aws_dynamodb_table.iot_data.name
		158 |     }
		159 |   }
		160 | 
		161 |   kms_key_arn = aws_kms_key.lambda_env_key.arn
		162 |   code_signing_config_arn = aws_lambda_code_signing_config.signing_config.arn
		163 | 
		164 | }
</failure>
		</testcase>
		<testcase name="[NONE][CKV_AWS_116] Ensure that AWS Lambda function is configured for a Dead Letter Queue(DLQ)" classname="/main.tf.aws_lambda_function.lambdas[&quot;generate_report&quot;]" file="/main.tf">
			<failure type="failure" message="Ensure that AWS Lambda function is configured for a Dead Letter Queue(DLQ)">
Resource: aws_lambda_function.lambdas[&quot;generate_report&quot;]
File: /main.tf: 146-164
Guideline: https://docs.prismacloud.io/en/enterprise-edition/policy-reference/aws-policies/aws-general-policies/ensure-that-aws-lambda-function-is-configured-for-a-dead-letter-queue-dlq

		146 | resource &quot;aws_lambda_function&quot; &quot;lambdas&quot; {
		147 |   for_each         = local.lambdas
		148 |   function_name    = each.key
		149 |   filename         = &quot;${path.module}/${each.value}&quot;
		150 |   handler          = &quot;index.handler&quot;
		151 |   runtime          = &quot;nodejs18.x&quot;
		152 |   role             = aws_iam_role.lambda_role.arn
		153 |   source_code_hash = filebase64sha256(&quot;${path.module}/${each.value}&quot;)
		154 | 
		155 |   environment {
		156 |     variables = {
		157 |       DYNAMO_TABLE = aws_dynamodb_table.iot_data.name
		158 |     }
		159 |   }
		160 | 
		161 |   kms_key_arn = aws_kms_key.lambda_env_key.arn
		162 |   code_signing_config_arn = aws_lambda_code_signing_config.signing_config.arn
		163 | 
		164 | }
</failure>
		</testcase>
		<testcase name="[NONE][CKV_AWS_115] Ensure that AWS Lambda function is configured for function-level concurrent execution limit" classname="/main.tf.aws_lambda_function.lambdas[&quot;generate_report&quot;]" file="/main.tf">
			<failure type="failure" message="Ensure that AWS Lambda function is configured for function-level concurrent execution limit">
Resource: aws_lambda_function.lambdas[&quot;generate_report&quot;]
File: /main.tf: 146-164
Guideline: https://docs.prismacloud.io/en/enterprise-edition/policy-reference/aws-policies/aws-general-policies/ensure-that-aws-lambda-function-is-configured-for-function-level-concurrent-execution-limit

		146 | resource &quot;aws_lambda_function&quot; &quot;lambdas&quot; {
		147 |   for_each         = local.lambdas
		148 |   function_name    = each.key
		149 |   filename         = &quot;${path.module}/${each.value}&quot;
		150 |   handler          = &quot;index.handler&quot;
		151 |   runtime          = &quot;nodejs18.x&quot;
		152 |   role             = aws_iam_role.lambda_role.arn
		153 |   source_code_hash = filebase64sha256(&quot;${path.module}/${each.value}&quot;)
		154 | 
		155 |   environment {
		156 |     variables = {
		157 |       DYNAMO_TABLE = aws_dynamodb_table.iot_data.name
		158 |     }
		159 |   }
		160 | 
		161 |   kms_key_arn = aws_kms_key.lambda_env_key.arn
		162 |   code_signing_config_arn = aws_lambda_code_signing_config.signing_config.arn
		163 | 
		164 | }
</failure>
		</testcase>
		<testcase name="[NONE][CKV_AWS_50] X-Ray tracing is enabled for Lambda" classname="/main.tf.aws_lambda_function.lambdas[&quot;generate_report&quot;]" file="/main.tf">
			<failure type="failure" message="X-Ray tracing is enabled for Lambda">
Resource: aws_lambda_function.lambdas[&quot;generate_report&quot;]
File: /main.tf: 146-164
Guideline: https://docs.prismacloud.io/en/enterprise-edition/policy-reference/aws-policies/aws-serverless-policies/bc-aws-serverless-4

		146 | resource &quot;aws_lambda_function&quot; &quot;lambdas&quot; {
		147 |   for_each         = local.lambdas
		148 |   function_name    = each.key
		149 |   filename         = &quot;${path.module}/${each.value}&quot;
		150 |   handler          = &quot;index.handler&quot;
		151 |   runtime          = &quot;nodejs18.x&quot;
		152 |   role             = aws_iam_role.lambda_role.arn
		153 |   source_code_hash = filebase64sha256(&quot;${path.module}/${each.value}&quot;)
		154 | 
		155 |   environment {
		156 |     variables = {
		157 |       DYNAMO_TABLE = aws_dynamodb_table.iot_data.name
		158 |     }
		159 |   }
		160 | 
		161 |   kms_key_arn = aws_kms_key.lambda_env_key.arn
		162 |   code_signing_config_arn = aws_lambda_code_signing_config.signing_config.arn
		163 | 
		164 | }
</failure>
		</testcase>
		<testcase name="[NONE][CKV_AWS_117] Ensure that AWS Lambda function is configured inside a VPC" classname="/main.tf.aws_lambda_function.lambdas[&quot;get_dashboard&quot;]" file="/main.tf">
			<failure type="failure" message="Ensure that AWS Lambda function is configured inside a VPC">
Resource: aws_lambda_function.lambdas[&quot;get_dashboard&quot;]
File: /main.tf: 146-164
Guideline: https://docs.prismacloud.io/en/enterprise-edition/policy-reference/aws-policies/aws-general-policies/ensure-that-aws-lambda-function-is-configured-inside-a-vpc-1

		146 | resource &quot;aws_lambda_function&quot; &quot;lambdas&quot; {
		147 |   for_each         = local.lambdas
		148 |   function_name    = each.key
		149 |   filename         = &quot;${path.module}/${each.value}&quot;
		150 |   handler          = &quot;index.handler&quot;
		151 |   runtime          = &quot;nodejs18.x&quot;
		152 |   role             = aws_iam_role.lambda_role.arn
		153 |   source_code_hash = filebase64sha256(&quot;${path.module}/${each.value}&quot;)
		154 | 
		155 |   environment {
		156 |     variables = {
		157 |       DYNAMO_TABLE = aws_dynamodb_table.iot_data.name
		158 |     }
		159 |   }
		160 | 
		161 |   kms_key_arn = aws_kms_key.lambda_env_key.arn
		162 |   code_signing_config_arn = aws_lambda_code_signing_config.signing_config.arn
		163 | 
		164 | }
</failure>
		</testcase>
		<testcase name="[NONE][CKV_AWS_116] Ensure that AWS Lambda function is configured for a Dead Letter Queue(DLQ)" classname="/main.tf.aws_lambda_function.lambdas[&quot;get_dashboard&quot;]" file="/main.tf">
			<failure type="failure" message="Ensure that AWS Lambda function is configured for a Dead Letter Queue(DLQ)">
Resource: aws_lambda_function.lambdas[&quot;get_dashboard&quot;]
File: /main.tf: 146-164
Guideline: https://docs.prismacloud.io/en/enterprise-edition/policy-reference/aws-policies/aws-general-policies/ensure-that-aws-lambda-function-is-configured-for-a-dead-letter-queue-dlq

		146 | resource &quot;aws_lambda_function&quot; &quot;lambdas&quot; {
		147 |   for_each         = local.lambdas
		148 |   function_name    = each.key
		149 |   filename         = &quot;${path.module}/${each.value}&quot;
		150 |   handler          = &quot;index.handler&quot;
		151 |   runtime          = &quot;nodejs18.x&quot;
		152 |   role             = aws_iam_role.lambda_role.arn
		153 |   source_code_hash = filebase64sha256(&quot;${path.module}/${each.value}&quot;)
		154 | 
		155 |   environment {
		156 |     variables = {
		157 |       DYNAMO_TABLE = aws_dynamodb_table.iot_data.name
		158 |     }
		159 |   }
		160 | 
		161 |   kms_key_arn = aws_kms_key.lambda_env_key.arn
		162 |   code_signing_config_arn = aws_lambda_code_signing_config.signing_config.arn
		163 | 
		164 | }
</failure>
		</testcase>
		<testcase name="[NONE][CKV_AWS_115] Ensure that AWS Lambda function is configured for function-level concurrent execution limit" classname="/main.tf.aws_lambda_function.lambdas[&quot;get_dashboard&quot;]" file="/main.tf">
			<failure type="failure" message="Ensure that AWS Lambda function is configured for function-level concurrent execution limit">
Resource: aws_lambda_function.lambdas[&quot;get_dashboard&quot;]
File: /main.tf: 146-164
Guideline: https://docs.prismacloud.io/en/enterprise-edition/policy-reference/aws-policies/aws-general-policies/ensure-that-aws-lambda-function-is-configured-for-function-level-concurrent-execution-limit

		146 | resource &quot;aws_lambda_function&quot; &quot;lambdas&quot; {
		147 |   for_each         = local.lambdas
		148 |   function_name    = each.key
		149 |   filename         = &quot;${path.module}/${each.value}&quot;
		150 |   handler          = &quot;index.handler&quot;
		151 |   runtime          = &quot;nodejs18.x&quot;
		152 |   role             = aws_iam_role.lambda_role.arn
		153 |   source_code_hash = filebase64sha256(&quot;${path.module}/${each.value}&quot;)
		154 | 
		155 |   environment {
		156 |     variables = {
		157 |       DYNAMO_TABLE = aws_dynamodb_table.iot_data.name
		158 |     }
		159 |   }
		160 | 
		161 |   kms_key_arn = aws_kms_key.lambda_env_key.arn
		162 |   code_signing_config_arn = aws_lambda_code_signing_config.signing_config.arn
		163 | 
		164 | }
</failure>
		</testcase>
		<testcase name="[NONE][CKV_AWS_50] X-Ray tracing is enabled for Lambda" classname="/main.tf.aws_lambda_function.lambdas[&quot;get_dashboard&quot;]" file="/main.tf">
			<failure type="failure" message="X-Ray tracing is enabled for Lambda">
Resource: aws_lambda_function.lambdas[&quot;get_dashboard&quot;]
File: /main.tf: 146-164
Guideline: https://docs.prismacloud.io/en/enterprise-edition/policy-reference/aws-policies/aws-serverless-policies/bc-aws-serverless-4

		146 | resource &quot;aws_lambda_function&quot; &quot;lambdas&quot; {
		147 |   for_each         = local.lambdas
		148 |   function_name    = each.key
		149 |   filename         = &quot;${path.module}/${each.value}&quot;
		150 |   handler          = &quot;index.handler&quot;
		151 |   runtime          = &quot;nodejs18.x&quot;
		152 |   role             = aws_iam_role.lambda_role.arn
		153 |   source_code_hash = filebase64sha256(&quot;${path.module}/${each.value}&quot;)
		154 | 
		155 |   environment {
		156 |     variables = {
		157 |       DYNAMO_TABLE = aws_dynamodb_table.iot_data.name
		158 |     }
		159 |   }
		160 | 
		161 |   kms_key_arn = aws_kms_key.lambda_env_key.arn
		162 |   code_signing_config_arn = aws_lambda_code_signing_config.signing_config.arn
		163 | 
		164 | }
</failure>
		</testcase>
		<testcase name="[NONE][CKV_AWS_117] Ensure that AWS Lambda function is configured inside a VPC" classname="/main.tf.aws_lambda_function.lambdas[&quot;register_device&quot;]" file="/main.tf">
			<failure type="failure" message="Ensure that AWS Lambda function is configured inside a VPC">
Resource: aws_lambda_function.lambdas[&quot;register_device&quot;]
File: /main.tf: 146-164
Guideline: https://docs.prismacloud.io/en/enterprise-edition/policy-reference/aws-policies/aws-general-policies/ensure-that-aws-lambda-function-is-configured-inside-a-vpc-1

		146 | resource &quot;aws_lambda_function&quot; &quot;lambdas&quot; {
		147 |   for_each         = local.lambdas
		148 |   function_name    = each.key
		149 |   filename         = &quot;${path.module}/${each.value}&quot;
		150 |   handler          = &quot;index.handler&quot;
		151 |   runtime          = &quot;nodejs18.x&quot;
		152 |   role             = aws_iam_role.lambda_role.arn
		153 |   source_code_hash = filebase64sha256(&quot;${path.module}/${each.value}&quot;)
		154 | 
		155 |   environment {
		156 |     variables = {
		157 |       DYNAMO_TABLE = aws_dynamodb_table.iot_data.name
		158 |     }
		159 |   }
		160 | 
		161 |   kms_key_arn = aws_kms_key.lambda_env_key.arn
		162 |   code_signing_config_arn = aws_lambda_code_signing_config.signing_config.arn
		163 | 
		164 | }
</failure>
		</testcase>
		<testcase name="[NONE][CKV_AWS_116] Ensure that AWS Lambda function is configured for a Dead Letter Queue(DLQ)" classname="/main.tf.aws_lambda_function.lambdas[&quot;register_device&quot;]" file="/main.tf">
			<failure type="failure" message="Ensure that AWS Lambda function is configured for a Dead Letter Queue(DLQ)">
Resource: aws_lambda_function.lambdas[&quot;register_device&quot;]
File: /main.tf: 146-164
Guideline: https://docs.prismacloud.io/en/enterprise-edition/policy-reference/aws-policies/aws-general-policies/ensure-that-aws-lambda-function-is-configured-for-a-dead-letter-queue-dlq

		146 | resource &quot;aws_lambda_function&quot; &quot;lambdas&quot; {
		147 |   for_each         = local.lambdas
		148 |   function_name    = each.key
		149 |   filename         = &quot;${path.module}/${each.value}&quot;
		150 |   handler          = &quot;index.handler&quot;
		151 |   runtime          = &quot;nodejs18.x&quot;
		152 |   role             = aws_iam_role.lambda_role.arn
		153 |   source_code_hash = filebase64sha256(&quot;${path.module}/${each.value}&quot;)
		154 | 
		155 |   environment {
		156 |     variables = {
		157 |       DYNAMO_TABLE = aws_dynamodb_table.iot_data.name
		158 |     }
		159 |   }
		160 | 
		161 |   kms_key_arn = aws_kms_key.lambda_env_key.arn
		162 |   code_signing_config_arn = aws_lambda_code_signing_config.signing_config.arn
		163 | 
		164 | }
</failure>
		</testcase>
		<testcase name="[NONE][CKV_AWS_115] Ensure that AWS Lambda function is configured for function-level concurrent execution limit" classname="/main.tf.aws_lambda_function.lambdas[&quot;register_device&quot;]" file="/main.tf">
			<failure type="failure" message="Ensure that AWS Lambda function is configured for function-level concurrent execution limit">
Resource: aws_lambda_function.lambdas[&quot;register_device&quot;]
File: /main.tf: 146-164
Guideline: https://docs.prismacloud.io/en/enterprise-edition/policy-reference/aws-policies/aws-general-policies/ensure-that-aws-lambda-function-is-configured-for-function-level-concurrent-execution-limit

		146 | resource &quot;aws_lambda_function&quot; &quot;lambdas&quot; {
		147 |   for_each         = local.lambdas
		148 |   function_name    = each.key
		149 |   filename         = &quot;${path.module}/${each.value}&quot;
		150 |   handler          = &quot;index.handler&quot;
		151 |   runtime          = &quot;nodejs18.x&quot;
		152 |   role             = aws_iam_role.lambda_role.arn
		153 |   source_code_hash = filebase64sha256(&quot;${path.module}/${each.value}&quot;)
		154 | 
		155 |   environment {
		156 |     variables = {
		157 |       DYNAMO_TABLE = aws_dynamodb_table.iot_data.name
		158 |     }
		159 |   }
		160 | 
		161 |   kms_key_arn = aws_kms_key.lambda_env_key.arn
		162 |   code_signing_config_arn = aws_lambda_code_signing_config.signing_config.arn
		163 | 
		164 | }
</failure>
		</testcase>
		<testcase name="[NONE][CKV_AWS_50] X-Ray tracing is enabled for Lambda" classname="/main.tf.aws_lambda_function.lambdas[&quot;register_device&quot;]" file="/main.tf">
			<failure type="failure" message="X-Ray tracing is enabled for Lambda">
Resource: aws_lambda_function.lambdas[&quot;register_device&quot;]
File: /main.tf: 146-164
Guideline: https://docs.prismacloud.io/en/enterprise-edition/policy-reference/aws-policies/aws-serverless-policies/bc-aws-serverless-4

		146 | resource &quot;aws_lambda_function&quot; &quot;lambdas&quot; {
		147 |   for_each         = local.lambdas
		148 |   function_name    = each.key
		149 |   filename         = &quot;${path.module}/${each.value}&quot;
		150 |   handler          = &quot;index.handler&quot;
		151 |   runtime          = &quot;nodejs18.x&quot;
		152 |   role             = aws_iam_role.lambda_role.arn
		153 |   source_code_hash = filebase64sha256(&quot;${path.module}/${each.value}&quot;)
		154 | 
		155 |   environment {
		156 |     variables = {
		157 |       DYNAMO_TABLE = aws_dynamodb_table.iot_data.name
		158 |     }
		159 |   }
		160 | 
		161 |   kms_key_arn = aws_kms_key.lambda_env_key.arn
		162 |   code_signing_config_arn = aws_lambda_code_signing_config.signing_config.arn
		163 | 
		164 | }
</failure>
		</testcase>
		<testcase name="[NONE][CKV_AWS_117] Ensure that AWS Lambda function is configured inside a VPC" classname="/main.tf.aws_lambda_function.lambdas[&quot;store_metrics&quot;]" file="/main.tf">
			<failure type="failure" message="Ensure that AWS Lambda function is configured inside a VPC">
Resource: aws_lambda_function.lambdas[&quot;store_metrics&quot;]
File: /main.tf: 146-164
Guideline: https://docs.prismacloud.io/en/enterprise-edition/policy-reference/aws-policies/aws-general-policies/ensure-that-aws-lambda-function-is-configured-inside-a-vpc-1

		146 | resource &quot;aws_lambda_function&quot; &quot;lambdas&quot; {
		147 |   for_each         = local.lambdas
		148 |   function_name    = each.key
		149 |   filename         = &quot;${path.module}/${each.value}&quot;
		150 |   handler          = &quot;index.handler&quot;
		151 |   runtime          = &quot;nodejs18.x&quot;
		152 |   role             = aws_iam_role.lambda_role.arn
		153 |   source_code_hash = filebase64sha256(&quot;${path.module}/${each.value}&quot;)
		154 | 
		155 |   environment {
		156 |     variables = {
		157 |       DYNAMO_TABLE = aws_dynamodb_table.iot_data.name
		158 |     }
		159 |   }
		160 | 
		161 |   kms_key_arn = aws_kms_key.lambda_env_key.arn
		162 |   code_signing_config_arn = aws_lambda_code_signing_config.signing_config.arn
		163 | 
		164 | }
</failure>
		</testcase>
		<testcase name="[NONE][CKV_AWS_116] Ensure that AWS Lambda function is configured for a Dead Letter Queue(DLQ)" classname="/main.tf.aws_lambda_function.lambdas[&quot;store_metrics&quot;]" file="/main.tf">
			<failure type="failure" message="Ensure that AWS Lambda function is configured for a Dead Letter Queue(DLQ)">
Resource: aws_lambda_function.lambdas[&quot;store_metrics&quot;]
File: /main.tf: 146-164
Guideline: https://docs.prismacloud.io/en/enterprise-edition/policy-reference/aws-policies/aws-general-policies/ensure-that-aws-lambda-function-is-configured-for-a-dead-letter-queue-dlq

		146 | resource &quot;aws_lambda_function&quot; &quot;lambdas&quot; {
		147 |   for_each         = local.lambdas
		148 |   function_name    = each.key
		149 |   filename         = &quot;${path.module}/${each.value}&quot;
		150 |   handler          = &quot;index.handler&quot;
		151 |   runtime          = &quot;nodejs18.x&quot;
		152 |   role             = aws_iam_role.lambda_role.arn
		153 |   source_code_hash = filebase64sha256(&quot;${path.module}/${each.value}&quot;)
		154 | 
		155 |   environment {
		156 |     variables = {
		157 |       DYNAMO_TABLE = aws_dynamodb_table.iot_data.name
		158 |     }
		159 |   }
		160 | 
		161 |   kms_key_arn = aws_kms_key.lambda_env_key.arn
		162 |   code_signing_config_arn = aws_lambda_code_signing_config.signing_config.arn
		163 | 
		164 | }
</failure>
		</testcase>
		<testcase name="[NONE][CKV_AWS_115] Ensure that AWS Lambda function is configured for function-level concurrent execution limit" classname="/main.tf.aws_lambda_function.lambdas[&quot;store_metrics&quot;]" file="/main.tf">
			<failure type="failure" message="Ensure that AWS Lambda function is configured for function-level concurrent execution limit">
Resource: aws_lambda_function.lambdas[&quot;store_metrics&quot;]
File: /main.tf: 146-164
Guideline: https://docs.prismacloud.io/en/enterprise-edition/policy-reference/aws-policies/aws-general-policies/ensure-that-aws-lambda-function-is-configured-for-function-level-concurrent-execution-limit

		146 | resource &quot;aws_lambda_function&quot; &quot;lambdas&quot; {
		147 |   for_each         = local.lambdas
		148 |   function_name    = each.key
		149 |   filename         = &quot;${path.module}/${each.value}&quot;
		150 |   handler          = &quot;index.handler&quot;
		151 |   runtime          = &quot;nodejs18.x&quot;
		152 |   role             = aws_iam_role.lambda_role.arn
		153 |   source_code_hash = filebase64sha256(&quot;${path.module}/${each.value}&quot;)
		154 | 
		155 |   environment {
		156 |     variables = {
		157 |       DYNAMO_TABLE = aws_dynamodb_table.iot_data.name
		158 |     }
		159 |   }
		160 | 
		161 |   kms_key_arn = aws_kms_key.lambda_env_key.arn
		162 |   code_signing_config_arn = aws_lambda_code_signing_config.signing_config.arn
		163 | 
		164 | }
</failure>
		</testcase>
		<testcase name="[NONE][CKV_AWS_50] X-Ray tracing is enabled for Lambda" classname="/main.tf.aws_lambda_function.lambdas[&quot;store_metrics&quot;]" file="/main.tf">
			<failure type="failure" message="X-Ray tracing is enabled for Lambda">
Resource: aws_lambda_function.lambdas[&quot;store_metrics&quot;]
File: /main.tf: 146-164
Guideline: https://docs.prismacloud.io/en/enterprise-edition/policy-reference/aws-policies/aws-serverless-policies/bc-aws-serverless-4

		146 | resource &quot;aws_lambda_function&quot; &quot;lambdas&quot; {
		147 |   for_each         = local.lambdas
		148 |   function_name    = each.key
		149 |   filename         = &quot;${path.module}/${each.value}&quot;
		150 |   handler          = &quot;index.handler&quot;
		151 |   runtime          = &quot;nodejs18.x&quot;
		152 |   role             = aws_iam_role.lambda_role.arn
		153 |   source_code_hash = filebase64sha256(&quot;${path.module}/${each.value}&quot;)
		154 | 
		155 |   environment {
		156 |     variables = {
		157 |       DYNAMO_TABLE = aws_dynamodb_table.iot_data.name
		158 |     }
		159 |   }
		160 | 
		161 |   kms_key_arn = aws_kms_key.lambda_env_key.arn
		162 |   code_signing_config_arn = aws_lambda_code_signing_config.signing_config.arn
		163 | 
		164 | }
</failure>
		</testcase>
		<testcase name="[NONE][CKV2_AWS_64] Ensure KMS key Policy is defined" classname="/main.tf.aws_kms_key.dynamodb_key" file="/main.tf">
			<failure type="failure" message="Ensure KMS key Policy is defined">
Resource: aws_kms_key.dynamodb_key
File: /main.tf: 76-80
Guideline: https://docs.prismacloud.io/en/enterprise-edition/policy-reference/aws-policies/aws-iam-policies/bc-aws-2-64

		76 | resource &quot;aws_kms_key&quot; &quot;dynamodb_key&quot; {
		77 |   description             = &quot;CMK for DynamoDB encryption&quot;
		78 |   deletion_window_in_days = 10
		79 |   enable_key_rotation     = true
		80 | }
</failure>
		</testcase>
		<testcase name="[NONE][CKV2_AWS_64] Ensure KMS key Policy is defined" classname="/main.tf.aws_kms_key.lambda_env_key" file="/main.tf">
			<failure type="failure" message="Ensure KMS key Policy is defined">
Resource: aws_kms_key.lambda_env_key
File: /main.tf: 114-118
Guideline: https://docs.prismacloud.io/en/enterprise-edition/policy-reference/aws-policies/aws-iam-policies/bc-aws-2-64

		114 | resource &quot;aws_kms_key&quot; &quot;lambda_env_key&quot; {
		115 |   description             = &quot;KMS key for encrypting Lambda environment variables&quot;
		116 |   deletion_window_in_days = 10
		117 |   enable_key_rotation     = true
		118 | }
</failure>
		</testcase>
	</testsuite>
</testsuites>
